<?xml version="1.0" encoding="utf-8"?><testsuites name="pytest tests"><testsuite name="pytest" errors="0" failures="0" skipped="0" tests="5" time="0.016" timestamp="2026-01-22T23:45:49.528392+08:00" hostname="u9-5080"><testcase classname="tests.test_demo.TestAddFunction" name="test_add_positive_numbers" file="tests\test_demo.py" line="18" time="0.001" /><testcase classname="tests.test_demo.TestAddFunction" name="test_add_negative_numbers" file="tests\test_demo.py" line="22" time="0.000" /><testcase classname="tests.test_demo.TestAddFunction" name="test_add_mixed_numbers" file="tests\test_demo.py" line="26" time="0.000" /><testcase classname="tests.test_demo.TestAddFunction" name="test_add_zero" file="tests\test_demo.py" line="30" time="0.000" /><testcase classname="tests.test_demo.TestAddFunction" name="test_add_large_numbers" file="tests\test_demo.py" line="36" time="0.000" /></testsuite></testsuites>